{
  "RSpec": {
    "coverage": {
      "/home/eoin/RubymineProjects/SentimentAnalysis/config/environment.rb": [
        null,
        1,
        null,
        null,
        1
      ],
      "/home/eoin/RubymineProjects/SentimentAnalysis/config/application.rb": [
        1,
        null,
        1,
        null,
        null,
        null,
        1,
        null,
        1,
        1,
        null,
        null,
        null,
        1,
        1,
        1,
        1,
        null,
        null,
        null
      ],
      "/home/eoin/RubymineProjects/SentimentAnalysis/config/boot.rb": [
        1,
        null,
        1
      ],
      "/home/eoin/RubymineProjects/SentimentAnalysis/config/environments/test.rb": [
        1,
        null,
        null,
        null,
        null,
        null,
        null,
        1,
        null,
        null,
        null,
        null,
        1,
        null,
        null,
        1,
        1,
        null,
        null,
        null,
        null,
        1,
        1,
        null,
        null,
        1,
        null,
        null,
        1,
        1,
        null,
        null,
        null,
        null,
        1,
        null,
        null,
        1,
        null,
        null,
        null,
        null
      ],
      "/home/eoin/RubymineProjects/SentimentAnalysis/config/initializers/application_controller_renderer.rb": [
        null,
        null,
        null,
        null,
        null,
        null
      ],
      "/home/eoin/RubymineProjects/SentimentAnalysis/config/initializers/assets.rb": [
        null,
        null,
        null,
        1,
        null,
        null,
        null,
        null,
        null,
        null,
        null
      ],
      "/home/eoin/RubymineProjects/SentimentAnalysis/config/initializers/backtrace_silencers.rb": [
        null,
        null,
        null,
        null,
        null,
        null,
        null
      ],
      "/home/eoin/RubymineProjects/SentimentAnalysis/config/initializers/cookies_serializer.rb": [
        null,
        null,
        null,
        null,
        1
      ],
      "/home/eoin/RubymineProjects/SentimentAnalysis/config/initializers/filter_parameter_logging.rb": [
        null,
        null,
        null,
        1
      ],
      "/home/eoin/RubymineProjects/SentimentAnalysis/config/initializers/inflections.rb": [
        null,
        null,
        null,
        null,
        null,
        null,
        null,
        null,
        null,
        null,
        null,
        null,
        null,
        null,
        null,
        null
      ],
      "/home/eoin/RubymineProjects/SentimentAnalysis/config/initializers/mime_types.rb": [
        null,
        null,
        null,
        null
      ],
      "/home/eoin/RubymineProjects/SentimentAnalysis/config/initializers/new_framework_defaults.rb": [
        null,
        null,
        null,
        null,
        null,
        null,
        null,
        1,
        null,
        null,
        1,
        null,
        null,
        null,
        1,
        null,
        null,
        1,
        null,
        null,
        1,
        null,
        null,
        1
      ],
      "/home/eoin/RubymineProjects/SentimentAnalysis/config/initializers/session_store.rb": [
        null,
        null,
        1
      ],
      "/home/eoin/RubymineProjects/SentimentAnalysis/config/initializers/wrap_parameters.rb": [
        null,
        null,
        null,
        null,
        null,
        null,
        1,
        2,
        null,
        null,
        null,
        null,
        null,
        null
      ],
      "/home/eoin/RubymineProjects/SentimentAnalysis/spec/factories/hashtags.rb": [
        1,
        1,
        null,
        null,
        null
      ],
      "/home/eoin/RubymineProjects/SentimentAnalysis/spec/factories/twitter_services.rb": [
        1,
        1,
        null,
        null,
        null
      ],
      "/home/eoin/RubymineProjects/SentimentAnalysis/config/routes.rb": [
        1,
        1,
        1,
        1,
        null,
        null
      ],
      "/home/eoin/RubymineProjects/SentimentAnalysis/app/helpers/application_helper.rb": [
        1,
        null
      ],
      "/home/eoin/RubymineProjects/SentimentAnalysis/app/helpers/hashtags_helper.rb": [
        1,
        null
      ],
      "/home/eoin/RubymineProjects/SentimentAnalysis/app/helpers/tweets_helper.rb": [
        1,
        null
      ],
      "/home/eoin/RubymineProjects/SentimentAnalysis/app/helpers/twitter_users_helper.rb": [
        1,
        null
      ],
      "/home/eoin/RubymineProjects/SentimentAnalysis/app/models/twitter_service.rb": [
        1,
        1,
        null,
        1,
        null,
        1,
        1,
        1,
        null,
        null,
        null,
        null,
        1,
        1,
        1,
        1,
        null,
        null,
        1,
        null,
        null,
        1,
        1,
        1,
        null,
        null,
        null,
        null,
        null,
        null,
        null,
        null
      ],
      "/home/eoin/RubymineProjects/SentimentAnalysis/app/models/application_record.rb": [
        1,
        1,
        null
      ]
    },
    "timestamp": 1480686792
  }
}
